<?xml version="1.0" encoding="UTF-8"?>
<!-- Generated by org.testng.reporters.JUnitXMLReporter -->
<testsuite ignored="0" hostname="LAPTOP-AF9HT2PR" failures="0" tests="6" name="Test" time="0.112" errors="0" timestamp="18 Aug 2020 17:30:42 GMT">
  <testcase classname="TestNG.ParallelExecution1" name="TestCase4" time="0.03"/>
  <testcase classname="TestNG.parallelExecution" name="TestCase1" time="0.03"/>
  <testcase classname="TestNG.ParallelExecution1" name="TestCase5" time="0.005"/>
  <testcase classname="TestNG.parallelExecution" name="TestCase2" time="0.006"/>
  <testcase classname="TestNG.ParallelExecution1" name="TestCase6" time="0.003"/>
  <testcase classname="TestNG.parallelExecution" name="TestCase3" time="0.003"/>
</testsuite> <!-- Test -->
